19:05:27 **** Build of configuration Debug for project Proy_SEU_IoT22_00PROF06 ****
make -j16 all 
arm-none-eabi-gcc "../Core/Src/main.c" -mcpu=cortex-m4 -std=gnu11 -g3 -DDEBUG '-DPASCU_PRJ="Proy_SEU_IoT22_00PROF06.elf"' -DUSE_HAL_DRIVER -DSTM32F411xE -c -I../Core/Inc -I../Middlewares/Third_Party/FreeRTOS/Source/include -I../Middlewares/Third_Party/FreeRTOS/Source/portable/GCC/ARM_CM4F -I../Drivers/CMSIS/Include -I../Drivers/STM32F4xx_HAL_Driver/Inc -I../Drivers/CMSIS/Device/ST/STM32F4xx/Include -I../Middlewares/Third_Party/FreeRTOS/Source/CMSIS_RTOS_V2 -I../Drivers/STM32F4xx_HAL_Driver/Inc/Legacy -O0 -ffunction-sections -fdata-sections -Wall -fstack-usage -fcyclomatic-complexity -MMD -MP -MF"Core/Src/main.d" -MT"Core/Src/main.o" --specs=nano.specs -mfpu=fpv4-sp-d16 -mfloat-abi=hard -mthumb -o "Core/Src/main.o"
../Core/Src/main.c: In function 'main':
../Core/Src/main.c:88:2: warning: implicit declaration of function 'WIFI_Boot' [-Wimplicit-function-declaration]
   88 |  WIFI_Boot();
      |  ^~~~~~~~~
arm-none-eabi-gcc -o "Proy_SEU_IoT22_00PROF06.elf" @"objects.list"   -mcpu=cortex-m4 -T"C:\Users\sbrot\STM32CubeIDE\workspace_1.8.0\Proy_SEU_IoT22_00PROF06\STM32F411RETX_FLASH.ld" --specs=nosys.specs -Wl,-Map="Proy_SEU_IoT22_00PROF06.map" -Wl,--gc-sections -static --specs=nano.specs -mfpu=fpv4-sp-d16 -mfloat-abi=hard -mthumb -u _printf_float -Wl,--start-group -lc -lm -Wl,--end-group
c:\st\stm32cubeide_1.8.0\stm32cubeide\plugins\com.st.stm32cube.ide.mcu.externaltools.gnu-tools-for-stm32.10.3-2021.10.win32_1.0.200.202301161003\tools\arm-none-eabi\bin\ld.exe: ./Core/Src/main.o: in function `main':
C:/Users/sbrot/STM32CubeIDE/workspace_1.8.0/Proy_SEU_IoT22_00PROF06/Debug/../Core/Src/main.c:88: undefined reference to `WIFI_Boot'
collect2.exe: error: ld returned 1 exit status
make: *** [makefile:68: Proy_SEU_IoT22_00PROF06.elf] Error 1
"make -j16 all" terminated with exit code 2. Build might be incomplete.

19:05:28 Build Failed. 3 errors, 1 warnings. (took 1s.273ms)

